<?xml version="1.0" encoding="UTF-8"?>
<!-- Generated by org.testng.reporters.JUnitXMLReporter -->
<testsuite ignored="0" hostname="DESKTOP-G7O35M6" failures="0" tests="4" name="Surefire test" time="6.469" errors="0" timestamp="2024-11-24T18:01:57 IST">
  <testcase classname="api.test.UserTests" name="testPostUser" time="2.068"/>
  <testcase classname="api.test.UserTests" name="testGetUser" time="1.057"/>
  <testcase classname="api.test.UserTests" name="testDeleteUser" time="1.089"/>
  <testcase classname="api.test.UserTests" name="testUpdateUser" time="2.229"/>
</testsuite> <!-- Surefire test -->
