<?xml version="1.0" encoding="UTF-8"?>
<!-- Generated by org.testng.reporters.JUnitXMLReporter -->
<testsuite ignored="0" hostname="DESKTOP-G7O35M6" failures="0" tests="4" name="Default test" time="8.707" errors="0" timestamp="2024-11-24T17:11:38 IST">
  <testcase classname="api.test.UserTests" name="testPostUser" time="2.035"/>
  <testcase classname="api.test.UserTests" name="testGetUser" time="1.105"/>
  <testcase classname="api.test.UserTests" name="testDeleteUser" time="1.372"/>
  <testcase classname="api.test.UserTests" name="testUpdateUser" time="4.162"/>
</testsuite> <!-- Default test -->
