<?xml version="1.0" encoding="UTF-8"?>
<testng-results ignored="0" total="4" passed="4" failed="0" skipped="0">
  <reporter-output>
  </reporter-output>
  <suite started-at="2024-11-24T18:01:50 IST" name="Surefire suite" finished-at="2024-11-24T18:01:57 IST" duration-ms="6469">
    <groups>
    </groups>
    <test started-at="2024-11-24T18:01:50 IST" name="Surefire test" finished-at="2024-11-24T18:01:57 IST" duration-ms="6469">
      <class name="api.test.UserTests">
        <test-method signature="testPostUser()[pri:1, instance:api.test.UserTests@57c758ac]" started-at="2024-11-24T18:01:50 IST" name="testPostUser" finished-at="2024-11-24T18:01:52 IST" duration-ms="2068" status="PASS">
          <reporter-output>
          </reporter-output>
        </test-method> <!-- testPostUser -->
        <test-method signature="testGetUser()[pri:2, instance:api.test.UserTests@57c758ac]" started-at="2024-11-24T18:01:52 IST" name="testGetUser" finished-at="2024-11-24T18:01:53 IST" duration-ms="1057" status="PASS">
          <reporter-output>
          </reporter-output>
        </test-method> <!-- testGetUser -->
        <test-method signature="testDeleteUser()[pri:3, instance:api.test.UserTests@57c758ac]" started-at="2024-11-24T18:01:53 IST" name="testDeleteUser" finished-at="2024-11-24T18:01:54 IST" duration-ms="1089" status="PASS">
          <reporter-output>
          </reporter-output>
        </test-method> <!-- testDeleteUser -->
        <test-method signature="testUpdateUser()[pri:3, instance:api.test.UserTests@57c758ac]" started-at="2024-11-24T18:01:54 IST" name="testUpdateUser" finished-at="2024-11-24T18:01:57 IST" duration-ms="2229" status="PASS">
          <reporter-output>
          </reporter-output>
        </test-method> <!-- testUpdateUser -->
      </class> <!-- api.test.UserTests -->
    </test> <!-- Surefire test -->
  </suite> <!-- Surefire suite -->
</testng-results>
