<?xml version="1.0" encoding="UTF-8"?>
<testng-results ignored="0" total="4" passed="4" failed="0" skipped="0">
  <reporter-output>
  </reporter-output>
  <suite started-at="2024-11-24T17:59:11 IST" name="Suite" finished-at="2024-11-24T17:59:18 IST" duration-ms="6519">
    <groups>
    </groups>
    <test started-at="2024-11-24T17:59:11 IST" name="Test" finished-at="2024-11-24T17:59:18 IST" duration-ms="6519">
      <class name="api.test.UserTests">
        <test-method signature="testPostUser()[pri:1, instance:api.test.UserTests@75437611]" started-at="2024-11-24T17:59:11 IST" name="testPostUser" finished-at="2024-11-24T17:59:13 IST" duration-ms="1949" status="PASS">
          <reporter-output>
          </reporter-output>
        </test-method> <!-- testPostUser -->
        <test-method signature="testGetUser()[pri:2, instance:api.test.UserTests@75437611]" started-at="2024-11-24T17:59:13 IST" name="testGetUser" finished-at="2024-11-24T17:59:14 IST" duration-ms="1071" status="PASS">
          <reporter-output>
          </reporter-output>
        </test-method> <!-- testGetUser -->
        <test-method signature="testDeleteUser()[pri:3, instance:api.test.UserTests@75437611]" started-at="2024-11-24T17:59:14 IST" name="testDeleteUser" finished-at="2024-11-24T17:59:16 IST" duration-ms="1328" status="PASS">
          <reporter-output>
          </reporter-output>
        </test-method> <!-- testDeleteUser -->
        <test-method signature="testUpdateUser()[pri:3, instance:api.test.UserTests@75437611]" started-at="2024-11-24T17:59:16 IST" name="testUpdateUser" finished-at="2024-11-24T17:59:18 IST" duration-ms="2139" status="PASS">
          <reporter-output>
          </reporter-output>
        </test-method> <!-- testUpdateUser -->
      </class> <!-- api.test.UserTests -->
    </test> <!-- Test -->
  </suite> <!-- Suite -->
</testng-results>
